[debug] [2026-04-14T02:59:24.275Z] ----------------------------------------------------------------------
[debug] [2026-04-14T02:59:24.278Z] Command:       D:\Program Files\nodejs\node.exe C:\Users\User\AppData\Roaming\npm\node_modules\firebase-tools\lib\bin\firebase.js deploy
[debug] [2026-04-14T02:59:24.278Z] CLI Version:   14.14.0
[debug] [2026-04-14T02:59:24.278Z] Platform:      win32
[debug] [2026-04-14T02:59:24.279Z] Node Version:  v22.18.0
[debug] [2026-04-14T02:59:24.279Z] Time:          Mon Apr 13 2026 21:59:24 GMT-0500 (hora estándar de Colombia)
[debug] [2026-04-14T02:59:24.279Z] ----------------------------------------------------------------------
[debug] 
[debug] [2026-04-14T02:59:24.454Z] > command requires scopes: ["email","openid","https://www.googleapis.com/auth/cloudplatformprojects.readonly","https://www.googleapis.com/auth/firebase","https://www.googleapis.com/auth/cloud-platform"]
[debug] [2026-04-14T02:59:24.455Z] > authorizing via signed-in user (camilo.castellanos.puentes@gmail.com)
[debug] [2026-04-14T02:59:24.455Z] [iam] checking project portafolioangular-4f64f for permissions ["firebase.projects.get","firebasehosting.sites.update"]
[debug] [2026-04-14T02:59:24.456Z] Checked if tokens are valid: true, expires at: 1776139065208
[debug] [2026-04-14T02:59:24.456Z] Checked if tokens are valid: true, expires at: 1776139065208
[debug] [2026-04-14T02:59:24.457Z] >>> [apiv2][query] POST https://cloudresourcemanager.googleapis.com/v1/projects/portafolioangular-4f64f:testIamPermissions [none]
[debug] [2026-04-14T02:59:24.457Z] >>> [apiv2][(partial)header] POST https://cloudresourcemanager.googleapis.com/v1/projects/portafolioangular-4f64f:testIamPermissions x-goog-quota-user=projects/portafolioangular-4f64f
[debug] [2026-04-14T02:59:24.457Z] >>> [apiv2][body] POST https://cloudresourcemanager.googleapis.com/v1/projects/portafolioangular-4f64f:testIamPermissions {"permissions":["firebase.projects.get","firebasehosting.sites.update"]}
[debug] [2026-04-14T02:59:24.900Z] <<< [apiv2][status] POST https://cloudresourcemanager.googleapis.com/v1/projects/portafolioangular-4f64f:testIamPermissions 200
[debug] [2026-04-14T02:59:24.900Z] <<< [apiv2][body] POST https://cloudresourcemanager.googleapis.com/v1/projects/portafolioangular-4f64f:testIamPermissions {"permissions":["firebase.projects.get","firebasehosting.sites.update"]}
[debug] [2026-04-14T02:59:24.901Z] Checked if tokens are valid: true, expires at: 1776139065208
[debug] [2026-04-14T02:59:24.901Z] Checked if tokens are valid: true, expires at: 1776139065208
[debug] [2026-04-14T02:59:24.901Z] >>> [apiv2][query] GET https://firebase.googleapis.com/v1beta1/projects/portafolioangular-4f64f [none]
[debug] [2026-04-14T02:59:25.189Z] <<< [apiv2][status] GET https://firebase.googleapis.com/v1beta1/projects/portafolioangular-4f64f 200
[debug] [2026-04-14T02:59:25.189Z] <<< [apiv2][body] GET https://firebase.googleapis.com/v1beta1/projects/portafolioangular-4f64f {"projectId":"portafolioangular-4f64f","projectNumber":"465578885884","displayName":"PortafolioAngular","name":"projects/portafolioangular-4f64f","resources":{"hostingSite":"portafolioangular-4f64f","realtimeDatabaseInstance":"portafolioangular-4f64f","locationId":"southamerica-east1"},"state":"ACTIVE","etag":"1_5ed4fabf-d883-411d-8fe7-0f1995930f17"}
[debug] [2026-04-14T02:59:27.765Z] Checked if tokens are valid: true, expires at: 1776139065208
[debug] [2026-04-14T02:59:27.765Z] Checked if tokens are valid: true, expires at: 1776139065208
[debug] [2026-04-14T02:59:27.765Z] >>> [apiv2][query] GET https://firebasehosting.googleapis.com/v1beta1/projects/portafolioangular-4f64f/sites pageToken=&pageSize=10
[debug] [2026-04-14T02:59:28.894Z] <<< [apiv2][status] GET https://firebasehosting.googleapis.com/v1beta1/projects/portafolioangular-4f64f/sites 200
[debug] [2026-04-14T02:59:28.894Z] <<< [apiv2][body] GET https://firebasehosting.googleapis.com/v1beta1/projects/portafolioangular-4f64f/sites {"sites":[{"name":"projects/portafolioangular-4f64f/sites/portafolioangular-4f64f","defaultUrl":"https://portafolioangular-4f64f.web.app","type":"DEFAULT_SITE"}]}
[debug] [2026-04-14T02:59:28.895Z] Checked if tokens are valid: true, expires at: 1776139065208
[debug] [2026-04-14T02:59:28.895Z] Checked if tokens are valid: true, expires at: 1776139065208
[debug] [2026-04-14T02:59:28.895Z] >>> [apiv2][query] GET https://firebasehosting.googleapis.com/v1beta1/projects/portafolioangular-4f64f/sites 
[debug] [2026-04-14T02:59:29.328Z] <<< [apiv2][status] GET https://firebasehosting.googleapis.com/v1beta1/projects/portafolioangular-4f64f/sites 200
[debug] [2026-04-14T02:59:29.328Z] <<< [apiv2][body] GET https://firebasehosting.googleapis.com/v1beta1/projects/portafolioangular-4f64f/sites {"sites":[{"name":"projects/portafolioangular-4f64f/sites/portafolioangular-4f64f","defaultUrl":"https://portafolioangular-4f64f.web.app","type":"DEFAULT_SITE"}]}
[debug] [2026-04-14T02:59:29.328Z] Checked if tokens are valid: true, expires at: 1776139065208
[debug] [2026-04-14T02:59:29.328Z] Checked if tokens are valid: true, expires at: 1776139065208
[debug] [2026-04-14T02:59:29.328Z] >>> [apiv2][query] GET https://firebase.googleapis.com/v1beta1/projects/portafolioangular-4f64f/webApps/-/config [none]
[debug] [2026-04-14T02:59:29.855Z] <<< [apiv2][status] GET https://firebase.googleapis.com/v1beta1/projects/portafolioangular-4f64f/webApps/-/config 200
[debug] [2026-04-14T02:59:29.855Z] <<< [apiv2][body] GET https://firebase.googleapis.com/v1beta1/projects/portafolioangular-4f64f/webApps/-/config {"projectId":"portafolioangular-4f64f","appId":"1:465578885884:web:ce4edca29843abe4940d79","databaseURL":"https://portafolioangular-4f64f.firebaseio.com","storageBucket":"portafolioangular-4f64f.appspot.com","locationId":"southamerica-east1","apiKey":"AIzaSyCPo7JTRBbDoU2yIbhbTNREWACO7xlkMew","authDomain":"portafolioangular-4f64f.firebaseapp.com","messagingSenderId":"465578885884","measurementId":"G-7C4MYXWBW9","projectNumber":"465578885884","version":"2"}
